<?xml version="1.0" encoding="UTF-8"?>
<testng-results skipped="0" failed="0" ignored="0" total="1" passed="1">
  <reporter-output>
    <line>
      <![CDATA[++++++++++++Browser session initiated+++++++++++++++++]]>
    </line>
    <line>
      <![CDATA[++++++++++++Browser session closed+++++++++++++++++]]>
    </line>
  </reporter-output>
  <suite name="Default suite" duration-ms="22487" started-at="2020-03-17T17:07:57Z" finished-at="2020-03-17T17:08:20Z">
    <groups>
    </groups>
    <test name="Default test" duration-ms="22487" started-at="2020-03-17T17:07:57Z" finished-at="2020-03-17T17:08:20Z">
      <class name="com.testautomation.tests.TestNGTest1">
        <test-method status="PASS" signature="setupApplication()[pri:0, instance:com.testautomation.tests.TestNGTest1@6500df86]" name="setupApplication" is-config="true" duration-ms="21329" started-at="2020-03-17T17:07:57Z" finished-at="2020-03-17T17:08:19Z">
          <reporter-output>
            <line>
              <![CDATA[++++++++++++Browser session initiated+++++++++++++++++]]>
            </line>
          </reporter-output>
        </test-method> <!-- setupApplication -->
        <test-method status="PASS" signature="testSecond()[pri:0, instance:com.testautomation.tests.TestNGTest1@6500df86]" name="testSecond" duration-ms="1117" started-at="2020-03-17T17:08:19Z" finished-at="2020-03-17T17:08:20Z">
          <reporter-output>
          </reporter-output>
        </test-method> <!-- testSecond -->
        <test-method status="PASS" signature="closeBrowser()[pri:0, instance:com.testautomation.tests.TestNGTest1@6500df86]" name="closeBrowser" is-config="true" duration-ms="0" started-at="2020-03-17T17:08:20Z" finished-at="2020-03-17T17:08:20Z">
          <reporter-output>
            <line>
              <![CDATA[++++++++++++Browser session closed+++++++++++++++++]]>
            </line>
          </reporter-output>
        </test-method> <!-- closeBrowser -->
      </class> <!-- com.testautomation.tests.TestNGTest1 -->
    </test> <!-- Default test -->
  </suite> <!-- Default suite -->
</testng-results>
